{
  "stats": {
    "suites": 2,
    "tests": 13,
    "passes": 13,
    "pending": 0,
    "failures": 0,
    "start": "2026-02-11T14:08:08.147Z",
    "end": "2026-02-11T14:08:08.158Z",
    "duration": 11
  },
  "tests": [
    {
      "title": "should accept valid positive integers",
      "fullTitle": "Limit Parameter Validation validateLimit function should accept valid positive integers",
      "file": "D:\\projects\\hana-developer-cli-tool-example\\tests\\limitValidation.Test.js",
      "duration": 1,
      "currentRetry": 0,
      "speed": "fast",
      "err": {}
    },
    {
      "title": "should accept numeric strings and convert them to numbers",
      "fullTitle": "Limit Parameter Validation validateLimit function should accept numeric strings and convert them to numbers",
      "file": "D:\\projects\\hana-developer-cli-tool-example\\tests\\limitValidation.Test.js",
      "duration": 0,
      "currentRetry": 0,
      "speed": "fast",
      "err": {}
    },
    {
      "title": "should throw error for non-numeric strings",
      "fullTitle": "Limit Parameter Validation validateLimit function should throw error for non-numeric strings",
      "file": "D:\\projects\\hana-developer-cli-tool-example\\tests\\limitValidation.Test.js",
      "duration": 1,
      "currentRetry": 0,
      "speed": "fast",
      "err": {}
    },
    {
      "title": "should throw error for negative numbers",
      "fullTitle": "Limit Parameter Validation validateLimit function should throw error for negative numbers",
      "file": "D:\\projects\\hana-developer-cli-tool-example\\tests\\limitValidation.Test.js",
      "duration": 0,
      "currentRetry": 0,
      "speed": "fast",
      "err": {}
    },
    {
      "title": "should throw error for zero",
      "fullTitle": "Limit Parameter Validation validateLimit function should throw error for zero",
      "file": "D:\\projects\\hana-developer-cli-tool-example\\tests\\limitValidation.Test.js",
      "duration": 1,
      "currentRetry": 0,
      "speed": "fast",
      "err": {}
    },
    {
      "title": "should throw error for decimal numbers",
      "fullTitle": "Limit Parameter Validation validateLimit function should throw error for decimal numbers",
      "file": "D:\\projects\\hana-developer-cli-tool-example\\tests\\limitValidation.Test.js",
      "duration": 0,
      "currentRetry": 0,
      "speed": "fast",
      "err": {}
    },
    {
      "title": "should throw error for NaN",
      "fullTitle": "Limit Parameter Validation validateLimit function should throw error for NaN",
      "file": "D:\\projects\\hana-developer-cli-tool-example\\tests\\limitValidation.Test.js",
      "duration": 0,
      "currentRetry": 0,
      "speed": "fast",
      "err": {}
    },
    {
      "title": "should throw error for undefined",
      "fullTitle": "Limit Parameter Validation validateLimit function should throw error for undefined",
      "file": "D:\\projects\\hana-developer-cli-tool-example\\tests\\limitValidation.Test.js",
      "duration": 0,
      "currentRetry": 0,
      "speed": "fast",
      "err": {}
    },
    {
      "title": "should throw error for null",
      "fullTitle": "Limit Parameter Validation validateLimit function should throw error for null",
      "file": "D:\\projects\\hana-developer-cli-tool-example\\tests\\limitValidation.Test.js",
      "duration": 0,
      "currentRetry": 0,
      "speed": "fast",
      "err": {}
    },
    {
      "title": "should use custom parameter name in error messages",
      "fullTitle": "Limit Parameter Validation validateLimit function should use custom parameter name in error messages",
      "file": "D:\\projects\\hana-developer-cli-tool-example\\tests\\limitValidation.Test.js",
      "duration": 0,
      "currentRetry": 0,
      "speed": "fast",
      "err": {}
    },
    {
      "title": "should throw error for objects and arrays",
      "fullTitle": "Limit Parameter Validation validateLimit function should throw error for objects and arrays",
      "file": "D:\\projects\\hana-developer-cli-tool-example\\tests\\limitValidation.Test.js",
      "duration": 0,
      "currentRetry": 0,
      "speed": "fast",
      "err": {}
    },
    {
      "title": "should throw error for boolean values",
      "fullTitle": "Limit Parameter Validation validateLimit function should throw error for boolean values",
      "file": "D:\\projects\\hana-developer-cli-tool-example\\tests\\limitValidation.Test.js",
      "duration": 0,
      "currentRetry": 0,
      "speed": "fast",
      "err": {}
    },
    {
      "title": "should throw error for special strings like Infinity",
      "fullTitle": "Limit Parameter Validation validateLimit function should throw error for special strings like Infinity",
      "file": "D:\\projects\\hana-developer-cli-tool-example\\tests\\limitValidation.Test.js",
      "duration": 0,
      "currentRetry": 0,
      "speed": "fast",
      "err": {}
    }
  ],
  "pending": [],
  "failures": [],
  "passes": [
    {
      "title": "should accept valid positive integers",
      "fullTitle": "Limit Parameter Validation validateLimit function should accept valid positive integers",
      "file": "D:\\projects\\hana-developer-cli-tool-example\\tests\\limitValidation.Test.js",
      "duration": 1,
      "currentRetry": 0,
      "speed": "fast",
      "err": {}
    },
    {
      "title": "should accept numeric strings and convert them to numbers",
      "fullTitle": "Limit Parameter Validation validateLimit function should accept numeric strings and convert them to numbers",
      "file": "D:\\projects\\hana-developer-cli-tool-example\\tests\\limitValidation.Test.js",
      "duration": 0,
      "currentRetry": 0,
      "speed": "fast",
      "err": {}
    },
    {
      "title": "should throw error for non-numeric strings",
      "fullTitle": "Limit Parameter Validation validateLimit function should throw error for non-numeric strings",
      "file": "D:\\projects\\hana-developer-cli-tool-example\\tests\\limitValidation.Test.js",
      "duration": 1,
      "currentRetry": 0,
      "speed": "fast",
      "err": {}
    },
    {
      "title": "should throw error for negative numbers",
      "fullTitle": "Limit Parameter Validation validateLimit function should throw error for negative numbers",
      "file": "D:\\projects\\hana-developer-cli-tool-example\\tests\\limitValidation.Test.js",
      "duration": 0,
      "currentRetry": 0,
      "speed": "fast",
      "err": {}
    },
    {
      "title": "should throw error for zero",
      "fullTitle": "Limit Parameter Validation validateLimit function should throw error for zero",
      "file": "D:\\projects\\hana-developer-cli-tool-example\\tests\\limitValidation.Test.js",
      "duration": 1,
      "currentRetry": 0,
      "speed": "fast",
      "err": {}
    },
    {
      "title": "should throw error for decimal numbers",
      "fullTitle": "Limit Parameter Validation validateLimit function should throw error for decimal numbers",
      "file": "D:\\projects\\hana-developer-cli-tool-example\\tests\\limitValidation.Test.js",
      "duration": 0,
      "currentRetry": 0,
      "speed": "fast",
      "err": {}
    },
    {
      "title": "should throw error for NaN",
      "fullTitle": "Limit Parameter Validation validateLimit function should throw error for NaN",
      "file": "D:\\projects\\hana-developer-cli-tool-example\\tests\\limitValidation.Test.js",
      "duration": 0,
      "currentRetry": 0,
      "speed": "fast",
      "err": {}
    },
    {
      "title": "should throw error for undefined",
      "fullTitle": "Limit Parameter Validation validateLimit function should throw error for undefined",
      "file": "D:\\projects\\hana-developer-cli-tool-example\\tests\\limitValidation.Test.js",
      "duration": 0,
      "currentRetry": 0,
      "speed": "fast",
      "err": {}
    },
    {
      "title": "should throw error for null",
      "fullTitle": "Limit Parameter Validation validateLimit function should throw error for null",
      "file": "D:\\projects\\hana-developer-cli-tool-example\\tests\\limitValidation.Test.js",
      "duration": 0,
      "currentRetry": 0,
      "speed": "fast",
      "err": {}
    },
    {
      "title": "should use custom parameter name in error messages",
      "fullTitle": "Limit Parameter Validation validateLimit function should use custom parameter name in error messages",
      "file": "D:\\projects\\hana-developer-cli-tool-example\\tests\\limitValidation.Test.js",
      "duration": 0,
      "currentRetry": 0,
      "speed": "fast",
      "err": {}
    },
    {
      "title": "should throw error for objects and arrays",
      "fullTitle": "Limit Parameter Validation validateLimit function should throw error for objects and arrays",
      "file": "D:\\projects\\hana-developer-cli-tool-example\\tests\\limitValidation.Test.js",
      "duration": 0,
      "currentRetry": 0,
      "speed": "fast",
      "err": {}
    },
    {
      "title": "should throw error for boolean values",
      "fullTitle": "Limit Parameter Validation validateLimit function should throw error for boolean values",
      "file": "D:\\projects\\hana-developer-cli-tool-example\\tests\\limitValidation.Test.js",
      "duration": 0,
      "currentRetry": 0,
      "speed": "fast",
      "err": {}
    },
    {
      "title": "should throw error for special strings like Infinity",
      "fullTitle": "Limit Parameter Validation validateLimit function should throw error for special strings like Infinity",
      "file": "D:\\projects\\hana-developer-cli-tool-example\\tests\\limitValidation.Test.js",
      "duration": 0,
      "currentRetry": 0,
      "speed": "fast",
      "err": {}
    }
  ]
}
